Mar 8 12:32:49 (fabrico:Sample): msg

2012-07-04 19:29:34 Sample: msg

2012-07-04 19:29:40 Sample: msg

2012-07-04 19:29:42 Sample: msg

2012-07-04 19:29:43 Sample: msg

2012-07-04 19:33:00 Sample: msg

2012-07-04 19:34:07 Sample: msg

2012-07-04 19:34:13 Sample: msg

2012-07-04 19:34:14 Sample: msg

2012-07-04 19:38:47 Sample: msg

2012-07-04 19:38:49 Sample: msg

2012-07-04 19:39:37 Sample: msg

2012-07-04 19:40:08 Sample: msg

2012-07-04 19:41:46 Sample: msg

2012-07-04 19:41:47 Sample: msg

2012-07-04 19:41:48 Sample: msg

2012-07-04 19:41:49 Sample: msg

2012-07-04 19:42:01 Sample: msg

2012-07-04 19:42:57 Sample: msg

2012-07-04 19:42:58 Sample: msg

2012-07-04 19:45:18 Sample: msg

2012-07-04 19:45:48 Sample: msg

2012-07-04 19:45:49 Sample: msg

2012-07-04 19:46:19 Sample: msg

2012-07-04 19:46:21 Sample: msg
2012-07-04 19:46:30 Sample: msg
2012-07-04 19:46:35 Sample: msg
2012-07-04 19:46:36 Sample: msg
2012-07-04 19:46:36 Sample: msg
2012-07-04 19:47:06 Sample project: msg
2012-07-04 19:47:09 Sample project: msg
2012-07-04 19:47:09 Sample project: msg
2012-07-04 19:47:37 Sample project: Array
(
    [_file] => index
)

2012-07-04 19:47:39 Sample project: Array
(
    [_file] => index
)

2012-07-04 19:51:00 Sample project: Array
(
    [_file] => index
)

2012-07-04 19:53:35 Sample project: Array
(
    [_file] => index
)

2012-07-04 19:54:28 Sample project: Array
(
    [_file] => index
)

2012-07-04 19:56:22 Sample project: Array
(
    [_file] => index
)

2012-07-04 19:56:39 Sample project: Array
(
    [_file] => index
)

2012-07-04 19:56:49 Sample project: Array
(
    [_file] => index
)

2012-07-04 19:57:01 Sample project: Array
(
    [_file] => index
)

2012-07-04 20:04:52 Sample project: Array
(
    [_file] => index
)

2012-07-04 20:07:13 Sample project: Array
(
    [_file] => index
)

2012-07-04 20:07:40 Sample project: Array
(
    [_file] => index
)

2012-07-04 20:07:49 Sample project: Array
(
    [_file] => index
)

2012-07-04 20:07:57 Sample project: Array
(
    [_file] => index
)

2012-07-04 20:08:26 Sample project: Array
(
    [_file] => index
)

2012-07-04 20:08:27 Sample project: Array
(
    [_file] => index
)

2012-07-04 20:08:36 Sample project: Array
(
    [_file] => index
)

2012-07-04 20:08:50 Sample project: Array
(
    [_file] => index
)

2012-07-04 20:08:58 Sample project: Array
(
    [_file] => index
)

2012-07-04 20:09:04 Sample project: Array
(
    [_file] => index
)

2012-07-04 20:09:15 Sample project: Array
(
    [_file] => index
)

2012-07-04 20:09:25 Sample project: Array
(
    [_file] => index
)

2012-07-04 20:10:03 Sample project: Array
(
    [_file] => index
)

2012-07-04 20:10:32 Sample project: Array
(
    [_file] => index
)

2012-07-04 20:10:34 Sample project: Array
(
    [_file] => index
)

2012-07-04 20:10:34 Sample project: Array
(
    [_file] => index
)

2012-07-04 20:12:04 Sample project: Array
(
    [_file] => index
)

2012-07-04 20:12:27 Sample project: Array
(
    [_file] => index
)

2012-07-04 20:12:47 Sample project: Array
(
    [_file] => index
)

